# JRE version: Java(TM) SE Runtime Environment (8.0_111-b14) (build 1.8.0_111-b14)
# Java VM: Java HotSpot(TM) 64-Bit Server VM (25.111-b14 mixed mode linux-amd64 compressed oops)
Heap:
 PSYoungGen      total 129536K, used 8552K [0x00000000ec000000, 0x00000000f4b00000, 0x0000000100000000)
  eden space 119808K, 0% used [0x00000000ec000000,0x00000000ec000000,0x00000000f3500000)
  from space 9728K, 87% used [0x00000000f3f80000,0x00000000f47da098,0x00000000f4900000)
  to   space 10752K, 0% used [0x00000000f3500000,0x00000000f3500000,0x00000000f3f80000)
 ParOldGen       total 52736K, used 41926K [0x00000000c4000000, 0x00000000c7380000, 0x00000000ec000000)
  object space 52736K, 79% used [0x00000000c4000000,0x00000000c68f19a0,0x00000000c7380000)
 Metaspace       used 18602K, capacity 19116K, committed 19328K, reserved 1067008K
  class space    used 2177K, capacity 2319K, committed 2432K, reserved 1048576K
GC Heap History (10 events):
Event: 3,303 GC heap after
Heap after GC invocations=4 (full 0):
 PSYoungGen      total 33280K, used 2544K [0x00000000ec000000, 0x00000000ee300000, 0x0000000100000000)
  eden space 30720K, 0% used [0x00000000ec000000,0x00000000ec000000,0x00000000ede00000)
  from space 2560K, 99% used [0x00000000ee080000,0x00000000ee2fc030,0x00000000ee300000)
  to   space 2560K, 0% used [0x00000000ede00000,0x00000000ede00000,0x00000000ee080000)
 ParOldGen       total 40960K, used 4600K [0x00000000c4000000, 0x00000000c6800000, 0x00000000ec000000)
  object space 40960K, 11% used [0x00000000c4000000,0x00000000c447e0b0,0x00000000c6800000)
 Metaspace       used 11270K, capacity 11446K, committed 11520K, reserved 1058816K
  class space    used 1415K, capacity 1510K, committed 1536K, reserved 1048576K
}
Event: 4,322 GC heap before
{Heap before GC invocations=5 (full 0):
 PSYoungGen      total 33280K, used 33264K [0x00000000ec000000, 0x00000000ee300000, 0x0000000100000000)
  eden space 30720K, 100% used [0x00000000ec000000,0x00000000ede00000,0x00000000ede00000)
  from space 2560K, 99% used [0x00000000ee080000,0x00000000ee2fc030,0x00000000ee300000)
  to   space 2560K, 0% used [0x00000000ede00000,0x00000000ede00000,0x00000000ee080000)
 ParOldGen       total 40960K, used 4600K [0x00000000c4000000, 0x00000000c6800000, 0x00000000ec000000)
  object space 40960K, 11% used [0x00000000c4000000,0x00000000c447e0b0,0x00000000c6800000)
 Metaspace       used 14071K, capacity 14260K, committed 14464K, reserved 1062912K
  class space    used 1775K, capacity 1868K, committed 1920K, reserved 1048576K
Event: 4,346 GC heap after
Heap after GC invocations=5 (full 0):
 PSYoungGen      total 33280K, used 2528K [0x00000000ec000000, 0x00000000f0800000, 0x0000000100000000)
  eden space 30720K, 0% used [0x00000000ec000000,0x00000000ec000000,0x00000000ede00000)
  from space 2560K, 98% used [0x00000000ede00000,0x00000000ee078020,0x00000000ee080000)
  to   space 6144K, 0% used [0x00000000f0200000,0x00000000f0200000,0x00000000f0800000)
 ParOldGen       total 40960K, used 7445K [0x00000000c4000000, 0x00000000c6800000, 0x00000000ec000000)
  object space 40960K, 18% used [0x00000000c4000000,0x00000000c4745570,0x00000000c6800000)
 Metaspace       used 14071K, capacity 14260K, committed 14464K, reserved 1062912K
  class space    used 1775K, capacity 1868K, committed 1920K, reserved 1048576K
}
Event: 5,360 GC heap before
{Heap before GC invocations=6 (full 0):
 PSYoungGen      total 33280K, used 33248K [0x00000000ec000000, 0x00000000f0800000, 0x0000000100000000)
  eden space 30720K, 100% used [0x00000000ec000000,0x00000000ede00000,0x00000000ede00000)
  from space 2560K, 98% used [0x00000000ede00000,0x00000000ee078020,0x00000000ee080000)
  to   space 6144K, 0% used [0x00000000f0200000,0x00000000f0200000,0x00000000f0800000)
 ParOldGen       total 40960K, used 7445K [0x00000000c4000000, 0x00000000c6800000, 0x00000000ec000000)
  object space 40960K, 18% used [0x00000000c4000000,0x00000000c4745570,0x00000000c6800000)
 Metaspace       used 16461K, capacity 16774K, committed 17024K, reserved 1064960K
  class space    used 2004K, capacity 2102K, committed 2176K, reserved 1048576K
Event: 5,378 GC heap after
Heap after GC invocations=6 (full 0):
 PSYoungGen      total 66560K, used 6138K [0x00000000ec000000, 0x00000000f0a00000, 0x0000000100000000)
  eden space 60416K, 0% used [0x00000000ec000000,0x00000000ec000000,0x00000000efb00000)
  from space 6144K, 99% used [0x00000000f0200000,0x00000000f07fea98,0x00000000f0800000)
  to   space 7168K, 0% used [0x00000000efb00000,0x00000000efb00000,0x00000000f0200000)
 ParOldGen       total 40960K, used 7935K [0x00000000c4000000, 0x00000000c6800000, 0x00000000ec000000)
  object space 40960K, 19% used [0x00000000c4000000,0x00000000c47bfda8,0x00000000c6800000)
 Metaspace       used 16461K, capacity 16774K, committed 17024K, reserved 1064960K
  class space    used 2004K, capacity 2102K, committed 2176K, reserved 1048576K
}
Event: 6,637 GC heap before
{Heap before GC invocations=7 (full 0):
 PSYoungGen      total 66560K, used 66554K [0x00000000ec000000, 0x00000000f0a00000, 0x0000000100000000)
  eden space 60416K, 100% used [0x00000000ec000000,0x00000000efb00000,0x00000000efb00000)
  from space 6144K, 99% used [0x00000000f0200000,0x00000000f07fea98,0x00000000f0800000)
  to   space 7168K, 0% used [0x00000000efb00000,0x00000000efb00000,0x00000000f0200000)
 ParOldGen       total 40960K, used 7935K [0x00000000c4000000, 0x00000000c6800000, 0x00000000ec000000)
  object space 40960K, 19% used [0x00000000c4000000,0x00000000c47bfda8,0x00000000c6800000)
 Metaspace       used 17389K, capacity 17678K, committed 17792K, reserved 1064960K
  class space    used 2063K, capacity 2144K, committed 2176K, reserved 1048576K
Event: 6,668 GC heap after
Heap after GC invocations=7 (full 0):
 PSYoungGen      total 67584K, used 7136K [0x00000000ec000000, 0x00000000f4900000, 0x0000000100000000)
  eden space 60416K, 0% used [0x00000000ec000000,0x00000000ec000000,0x00000000efb00000)
  from space 7168K, 99% used [0x00000000efb00000,0x00000000f01f8020,0x00000000f0200000)
  to   space 9728K, 0% used [0x00000000f3f80000,0x00000000f3f80000,0x00000000f4900000)
 ParOldGen       total 40960K, used 10300K [0x00000000c4000000, 0x00000000c6800000, 0x00000000ec000000)
  object space 40960K, 25% used [0x00000000c4000000,0x00000000c4a0f140,0x00000000c6800000)
 Metaspace       used 17389K, capacity 17678K, committed 17792K, reserved 1064960K
  class space    used 2063K, capacity 2144K, committed 2176K, reserved 1048576K
}
Event: 7,440 GC heap before
{Heap before GC invocations=8 (full 0):
 PSYoungGen      total 67584K, used 67472K [0x00000000ec000000, 0x00000000f4900000, 0x0000000100000000)
  eden space 60416K, 99% used [0x00000000ec000000,0x00000000efaec378,0x00000000efb00000)
  from space 7168K, 99% used [0x00000000efb00000,0x00000000f01f8020,0x00000000f0200000)
  to   space 9728K, 0% used [0x00000000f3f80000,0x00000000f3f80000,0x00000000f4900000)
 ParOldGen       total 40960K, used 10300K [0x00000000c4000000, 0x00000000c6800000, 0x00000000ec000000)
  object space 40960K, 25% used [0x00000000c4000000,0x00000000c4a0f140,0x00000000c6800000)
 Metaspace       used 18602K, capacity 19116K, committed 19328K, reserved 1067008K
  class space    used 2177K, capacity 2319K, committed 2432K, reserved 1048576K
Event: 7,502 GC heap after
Heap after GC invocations=8 (full 0):
 PSYoungGen      total 129536K, used 8552K [0x00000000ec000000, 0x00000000f4b00000, 0x0000000100000000)
  eden space 119808K, 0% used [0x00000000ec000000,0x00000000ec000000,0x00000000f3500000)
  from space 9728K, 87% used [0x00000000f3f80000,0x00000000f47da098,0x00000000f4900000)
  to   space 10752K, 0% used [0x00000000f3500000,0x00000000f3500000,0x00000000f3f80000)
 ParOldGen       total 52736K, used 41926K [0x00000000c4000000, 0x00000000c7380000, 0x00000000ec000000)
  object space 52736K, 79% used [0x00000000c4000000,0x00000000c68f19a0,0x00000000c7380000)
 Metaspace       used 18602K, capacity 19116K, committed 19328K, reserved 1067008K
  class space    used 2177K, capacity 2319K, committed 2432K, reserved 1048576K
}
Event: 7,502 GC heap before
{Heap before GC invocations=9 (full 1):
 PSYoungGen      total 129536K, used 8552K [0x00000000ec000000, 0x00000000f4b00000, 0x0000000100000000)
  eden space 119808K, 0% used [0x00000000ec000000,0x00000000ec000000,0x00000000f3500000)
  from space 9728K, 87% used [0x00000000f3f80000,0x00000000f47da098,0x00000000f4900000)
  to   space 10752K, 0% used [0x00000000f3500000,0x00000000f3500000,0x00000000f3f80000)
 ParOldGen       total 52736K, used 41926K [0x00000000c4000000, 0x00000000c7380000, 0x00000000ec000000)
  object space 52736K, 79% used [0x00000000c4000000,0x00000000c68f19a0,0x00000000c7380000)
 Metaspace       used 18602K, capacity 19116K, committed 19328K, reserved 1067008K
  class space    used 2177K, capacity 2319K, committed 2432K, reserved 1048576K

